Determining if the pthread_create exist failed with the following output:
Change Dir: /home/smart5/dynamixel-workbench/build/catkin_tools_prebuild/CMakeFiles/CMakeTmp

Run Build Command:"/usr/bin/make" "cmTC_90949/fast"
/usr/bin/make -f CMakeFiles/cmTC_90949.dir/build.make CMakeFiles/cmTC_90949.dir/build
make[1]: Entering directory '/home/smart5/dynamixel-workbench/build/catkin_tools_prebuild/CMakeFiles/CMakeTmp'
Building C object CMakeFiles/cmTC_90949.dir/CheckSymbolExists.c.o
/usr/bin/cc    -o CMakeFiles/cmTC_90949.dir/CheckSymbolExists.c.o   -c /home/smart5/dynamixel-workbench/build/catkin_tools_prebuild/CMakeFiles/CMakeTmp/CheckSymbolExists.c
Linking C executable cmTC_90949
/usr/bin/cmake -E cmake_link_script CMakeFiles/cmTC_90949.dir/link.txt --verbose=1
/usr/bin/cc      -rdynamic CMakeFiles/cmTC_90949.dir/CheckSymbolExists.c.o  -o cmTC_90949 
CMakeFiles/cmTC_90949.dir/CheckSymbolExists.c.o: In function `main':
CheckSymbolExists.c:(.text+0x1b): undefined reference to `pthread_create'
collect2: error: ld returned 1 exit status
CMakeFiles/cmTC_90949.dir/build.make:97: recipe for target 'cmTC_90949' failed
make[1]: *** [cmTC_90949] Error 1
make[1]: Leaving directory '/home/smart5/dynamixel-workbench/build/catkin_tools_prebuild/CMakeFiles/CMakeTmp'
Makefile:126: recipe for target 'cmTC_90949/fast' failed
make: *** [cmTC_90949/fast] Error 2

File /home/smart5/dynamixel-workbench/build/catkin_tools_prebuild/CMakeFiles/CMakeTmp/CheckSymbolExists.c:
/* */
#include <pthread.h>

int main(int argc, char** argv)
{
  (void)argv;
#ifndef pthread_create
  return ((int*)(&pthread_create))[argc];
#else
  (void)argc;
  return 0;
#endif
}

Determining if the function pthread_create exists in the pthreads failed with the following output:
Change Dir: /home/smart5/dynamixel-workbench/build/catkin_tools_prebuild/CMakeFiles/CMakeTmp

Run Build Command:"/usr/bin/make" "cmTC_69b04/fast"
/usr/bin/make -f CMakeFiles/cmTC_69b04.dir/build.make CMakeFiles/cmTC_69b04.dir/build
make[1]: Entering directory '/home/smart5/dynamixel-workbench/build/catkin_tools_prebuild/CMakeFiles/CMakeTmp'
Building C object CMakeFiles/cmTC_69b04.dir/CheckFunctionExists.c.o
/usr/bin/cc   -DCHECK_FUNCTION_EXISTS=pthread_create   -o CMakeFiles/cmTC_69b04.dir/CheckFunctionExists.c.o   -c /usr/share/cmake-3.10/Modules/CheckFunctionExists.c
Linking C executable cmTC_69b04
/usr/bin/cmake -E cmake_link_script CMakeFiles/cmTC_69b04.dir/link.txt --verbose=1
/usr/bin/cc  -DCHECK_FUNCTION_EXISTS=pthread_create    -rdynamic CMakeFiles/cmTC_69b04.dir/CheckFunctionExists.c.o  -o cmTC_69b04 -lpthreads 
/usr/bin/ld: cannot find -lpthreads
collect2: error: ld returned 1 exit status
CMakeFiles/cmTC_69b04.dir/build.make:97: recipe for target 'cmTC_69b04' failed
make[1]: *** [cmTC_69b04] Error 1
make[1]: Leaving directory '/home/smart5/dynamixel-workbench/build/catkin_tools_prebuild/CMakeFiles/CMakeTmp'
Makefile:126: recipe for target 'cmTC_69b04/fast' failed
make: *** [cmTC_69b04/fast] Error 2


