Determining if the pthread_create exist failed with the following output:
Change Dir: /home/turtle/holonomic_turtle_bot/build/CMakeFiles/CMakeTmp

Run Build Command:"/usr/bin/make" "cmTC_bad6d/fast"
/usr/bin/make -f CMakeFiles/cmTC_bad6d.dir/build.make CMakeFiles/cmTC_bad6d.dir/build
make[1]: Entering directory '/home/turtle/holonomic_turtle_bot/build/CMakeFiles/CMakeTmp'
Building C object CMakeFiles/cmTC_bad6d.dir/CheckSymbolExists.c.o
/usr/bin/cc    -o CMakeFiles/cmTC_bad6d.dir/CheckSymbolExists.c.o   -c /home/turtle/holonomic_turtle_bot/build/CMakeFiles/CMakeTmp/CheckSymbolExists.c
Linking C executable cmTC_bad6d
/usr/bin/cmake -E cmake_link_script CMakeFiles/cmTC_bad6d.dir/link.txt --verbose=1
/usr/bin/cc      -rdynamic CMakeFiles/cmTC_bad6d.dir/CheckSymbolExists.c.o  -o cmTC_bad6d 
CMakeFiles/cmTC_bad6d.dir/CheckSymbolExists.c.o: In function `main':
CheckSymbolExists.c:(.text+0x14): undefined reference to `pthread_create'
CheckSymbolExists.c:(.text+0x18): undefined reference to `pthread_create'
collect2: error: ld returned 1 exit status
CMakeFiles/cmTC_bad6d.dir/build.make:97: recipe for target 'cmTC_bad6d' failed
make[1]: *** [cmTC_bad6d] Error 1
make[1]: Leaving directory '/home/turtle/holonomic_turtle_bot/build/CMakeFiles/CMakeTmp'
Makefile:126: recipe for target 'cmTC_bad6d/fast' failed
make: *** [cmTC_bad6d/fast] Error 2

File /home/turtle/holonomic_turtle_bot/build/CMakeFiles/CMakeTmp/CheckSymbolExists.c:
/* */
#include <pthread.h>

int main(int argc, char** argv)
{
  (void)argv;
#ifndef pthread_create
  return ((int*)(&pthread_create))[argc];
#else
  (void)argc;
  return 0;
#endif
}

Determining if the function pthread_create exists in the pthreads failed with the following output:
Change Dir: /home/turtle/holonomic_turtle_bot/build/CMakeFiles/CMakeTmp

Run Build Command:"/usr/bin/make" "cmTC_87763/fast"
/usr/bin/make -f CMakeFiles/cmTC_87763.dir/build.make CMakeFiles/cmTC_87763.dir/build
make[1]: Entering directory '/home/turtle/holonomic_turtle_bot/build/CMakeFiles/CMakeTmp'
Building C object CMakeFiles/cmTC_87763.dir/CheckFunctionExists.c.o
/usr/bin/cc   -DCHECK_FUNCTION_EXISTS=pthread_create   -o CMakeFiles/cmTC_87763.dir/CheckFunctionExists.c.o   -c /usr/share/cmake-3.10/Modules/CheckFunctionExists.c
Linking C executable cmTC_87763
/usr/bin/cmake -E cmake_link_script CMakeFiles/cmTC_87763.dir/link.txt --verbose=1
/usr/bin/cc  -DCHECK_FUNCTION_EXISTS=pthread_create    -rdynamic CMakeFiles/cmTC_87763.dir/CheckFunctionExists.c.o  -o cmTC_87763 -lpthreads 
/usr/bin/ld: cannot find -lpthreads
collect2: error: ld returned 1 exit status
CMakeFiles/cmTC_87763.dir/build.make:97: recipe for target 'cmTC_87763' failed
make[1]: *** [cmTC_87763] Error 1
make[1]: Leaving directory '/home/turtle/holonomic_turtle_bot/build/CMakeFiles/CMakeTmp'
Makefile:126: recipe for target 'cmTC_87763/fast' failed
make: *** [cmTC_87763/fast] Error 2


